<?xml version="1.0" encoding="UTF-8"?>
<!-- Generated by org.testng.reporters.JUnitXMLReporter -->
<testsuite ignored="0" hostname="soc-5CG21221ZG" failures="1" tests="1" name="Default test" time="12.842" errors="0" timestamp="2024-08-03T10:39:50 IST">
  <testcase classname="io.cucumber.testng.AbstractTestNGCucumberTests" name="runScenario" time="12.33">
    <failure type="java.lang.NullPointerException" message="Cannot invoke &amp;quot;PageObject.LoginPage.SetUserName(String)&amp;quot; because &amp;quot;this.lp&amp;quot; is null">
      <![CDATA[java.lang.NullPointerException: Cannot invoke "PageObject.LoginPage.SetUserName(String)" because "this.lp" is null
at StepDefination.Steps.user_enter_email_as_and_pass(Steps.java:35)
at ✽.User Enter Email "r4cl1agent02@intel.com.isvcqa24" as and pass "Intel@369"(file:///C:/Users/oyadavx/eclipse-workspace/Intel_R4C/src/test/java/Features/LoginPage.feature:7)
]]>
    </failure>
  </testcase> <!-- runScenario -->
</testsuite> <!-- Default test -->
