<?xml version="1.0" encoding="UTF-8"?>
<testng-results ignored="0" total="1" passed="1" failed="0" skipped="0">
  <reporter-output>
  </reporter-output>
  <suite started-at="2024-08-05T18:45:51 IST" name="Default suite" finished-at="2024-08-05T18:48:04 IST" duration-ms="132877">
    <groups>
      <group name="cucumber">
        <method signature="AbstractTestNGCucumberTests.runScenario(io.cucumber.testng.PickleWrapper,io.cucumber.testng.FeatureWrapper)[pri:0, instance:TestRunner.TestRunner$CucumberTest@338fc1d8]" name="runScenario" class="io.cucumber.testng.AbstractTestNGCucumberTests"/>
      </group> <!-- cucumber -->
    </groups>
    <test started-at="2024-08-05T18:45:51 IST" name="Default test" finished-at="2024-08-05T18:48:04 IST" duration-ms="132877">
      <class name="TestRunner.TestRunner$CucumberTest">
        <test-method is-config="true" signature="setUpClass(org.testng.ITestContext)[pri:0, instance:TestRunner.TestRunner$CucumberTest@338fc1d8]" started-at="2024-08-05T18:45:51 IST" name="setUpClass" finished-at="2024-08-05T18:45:51 IST" duration-ms="513" status="PASS">
          <params>
            <param index="0">
              <value>
                <![CDATA[org.testng.TestRunner@1859e2a4]]>
              </value>
            </param>
          </params>
          <reporter-output>
          </reporter-output>
        </test-method> <!-- setUpClass -->
        <test-method signature="runScenario(io.cucumber.testng.PickleWrapper,io.cucumber.testng.FeatureWrapper)[pri:0, instance:TestRunner.TestRunner$CucumberTest@338fc1d8]" started-at="2024-08-05T18:45:51 IST" name="runScenario" description="Runs Cucumber Scenarios" data-provider="scenarios" finished-at="2024-08-05T18:48:04 IST" duration-ms="132297" status="PASS">
          <params>
            <param index="0">
              <value>
                <![CDATA["Verify the Case creation for service Type as Stock Rotation & Return"]]>
              </value>
            </param>
            <param index="1">
              <value>
                <![CDATA["R4C Case Creation"]]>
              </value>
            </param>
          </params>
          <reporter-output>
          </reporter-output>
        </test-method> <!-- runScenario -->
        <test-method is-config="true" signature="tearDownClass()[pri:0, instance:TestRunner.TestRunner$CucumberTest@338fc1d8]" started-at="2024-08-05T18:48:04 IST" name="tearDownClass" finished-at="2024-08-05T18:48:04 IST" duration-ms="31" status="PASS">
          <reporter-output>
          </reporter-output>
        </test-method> <!-- tearDownClass -->
      </class> <!-- TestRunner.TestRunner$CucumberTest -->
    </test> <!-- Default test -->
  </suite> <!-- Default suite -->
</testng-results>
