<?xml version="1.0" encoding="UTF-8"?>
<!-- Generated by org.testng.reporters.JUnitReportReporter -->
<testsuite hostname="soc-5CG21221ZG" failures="0" tests="1" name="TestRunner.TestRunner$CucumberTest" time="12.330" errors="1" timestamp="2024-08-03T10:39:50 IST" skipped="0">
  <testcase classname="TestRunner.TestRunner$CucumberTest" name="runScenario" time="12.330">
    <error message="Cannot invoke &quot;PageObject.LoginPage.SetUserName(String)&quot; because &quot;this.lp&quot; is null" type="java.lang.NullPointerException">
      <![CDATA[java.lang.NullPointerException: Cannot invoke "PageObject.LoginPage.SetUserName(String)" because "this.lp" is null
at StepDefination.Steps.user_enter_email_as_and_pass(Steps.java:35)
at ✽.User Enter Email "r4cl1agent02@intel.com.isvcqa24" as and pass "Intel@369"(file:///C:/Users/oyadavx/eclipse-workspace/Intel_R4C/src/test/java/Features/LoginPage.feature:7)
]]>
    </error>
  </testcase> <!-- runScenario -->
</testsuite> <!-- TestRunner.TestRunner$CucumberTest -->
