<?xml version="1.0" encoding="UTF-8"?>
<testng-results ignored="0" total="1" passed="0" failed="1" skipped="0">
  <reporter-output>
  </reporter-output>
  <suite started-at="2024-08-06T14:56:50 IST" name="Default suite" finished-at="2024-08-06T14:58:17 IST" duration-ms="86731">
    <groups>
      <group name="cucumber">
        <method signature="AbstractTestNGCucumberTests.runScenario(io.cucumber.testng.PickleWrapper,io.cucumber.testng.FeatureWrapper)[pri:0, instance:TestRunner.TestRunner$CucumberTest@304bb45b]" name="runScenario" class="io.cucumber.testng.AbstractTestNGCucumberTests"/>
      </group> <!-- cucumber -->
    </groups>
    <test started-at="2024-08-06T14:56:50 IST" name="Default test" finished-at="2024-08-06T14:58:17 IST" duration-ms="86731">
      <class name="TestRunner.TestRunner$CucumberTest">
        <test-method is-config="true" signature="setUpClass(org.testng.ITestContext)[pri:0, instance:TestRunner.TestRunner$CucumberTest@304bb45b]" started-at="2024-08-06T14:56:50 IST" name="setUpClass" finished-at="2024-08-06T14:56:50 IST" duration-ms="439" status="PASS">
          <params>
            <param index="0">
              <value>
                <![CDATA[org.testng.TestRunner@f5b6e78]]>
              </value>
            </param>
          </params>
          <reporter-output>
          </reporter-output>
        </test-method> <!-- setUpClass -->
        <test-method signature="runScenario(io.cucumber.testng.PickleWrapper,io.cucumber.testng.FeatureWrapper)[pri:0, instance:TestRunner.TestRunner$CucumberTest@304bb45b]" started-at="2024-08-06T14:56:50 IST" name="runScenario" description="Runs Cucumber Scenarios" data-provider="scenarios" finished-at="2024-08-06T14:58:17 IST" duration-ms="86198" status="FAIL">
          <params>
            <param index="0">
              <value>
                <![CDATA["Creating a new R4C case with "Stock Rotation & Return" service type"]]>
              </value>
            </param>
            <param index="1">
              <value>
                <![CDATA["R4C Case Creation"]]>
              </value>
            </param>
          </params>
          <exception class="org.openqa.selenium.ElementNotInteractableException">
            <message>
              <![CDATA[element not interactable
  (Session info: chrome=127.0.6533.88)
Build info: version: '4.21.0', revision: '79ed462ef4'
System info: os.name: 'Windows 11', os.arch: 'amd64', os.version: '10.0', java.version: '17.0.6'
Driver info: org.openqa.selenium.chrome.ChromeDriver
Command: [14fce87e4552770d7fced6155aee609e, clickElement {id=f.3F54F4A89EFFE38A627FD1671741957F.d.314FC8FEA540D0F578A3D3AF9DC8D967.e.7364}]
Capabilities {acceptInsecureCerts: false, browserName: chrome, browserVersion: 127.0.6533.88, chrome: {chromedriverVersion: 127.0.6533.88 (a2d0cb026721..., userDataDir: C:\Users\oyadavx\AppData\Lo...}, fedcm:accounts: true, goog:chromeOptions: {debuggerAddress: localhost:63858}, networkConnectionEnabled: false, pageLoadStrategy: normal, platformName: windows, proxy: Proxy(), se:cdp: ws://localhost:63858/devtoo..., se:cdpVersion: 127.0.6533.88, setWindowRect: true, strictFileInteractability: false, timeouts: {implicit: 0, pageLoad: 300000, script: 30000}, unhandledPromptBehavior: dismiss and notify, webauthn:extension:credBlob: true, webauthn:extension:largeBlob: true, webauthn:extension:minPinLength: true, webauthn:extension:prf: true, webauthn:virtualAuthenticators: true}
Element: [[ChromeDriver: chrome on windows (14fce87e4552770d7fced6155aee609e)] -> xpath: /html[1]/body[1]/div[4]/div[1]/section[1]/div[1]/div[1]/div[2]/div[2]/section[1]/div[1]/div[1]/section[2]/div[1]/div[2]/div[1]/div[1]/c-r4c_-a-g_-case-header[1]/div[2]/lightning-card[1]/article[1]/div[2]/slot[1]/div[1]/div[1]/c-r4c_-a-g_-shipping-details[1]/lightning-layout[6]/slot[1]/lightning-layout-item[1]/slot[1]/div[1]/lightning-combobox[1]/div[1]/div[1]/lightning-base-combobox[1]/div[1]/div[1]/div[2]/lightning-base-combobox-item[2]]
Session ID: 14fce87e4552770d7fced6155aee609e]]>
            </message>
            <full-stacktrace>
              <![CDATA[org.openqa.selenium.ElementNotInteractableException: element not interactable
  (Session info: chrome=127.0.6533.88)
Build info: version: '4.21.0', revision: '79ed462ef4'
System info: os.name: 'Windows 11', os.arch: 'amd64', os.version: '10.0', java.version: '17.0.6'
Driver info: org.openqa.selenium.chrome.ChromeDriver
Command: [14fce87e4552770d7fced6155aee609e, clickElement {id=f.3F54F4A89EFFE38A627FD1671741957F.d.314FC8FEA540D0F578A3D3AF9DC8D967.e.7364}]
Capabilities {acceptInsecureCerts: false, browserName: chrome, browserVersion: 127.0.6533.88, chrome: {chromedriverVersion: 127.0.6533.88 (a2d0cb026721..., userDataDir: C:\Users\oyadavx\AppData\Lo...}, fedcm:accounts: true, goog:chromeOptions: {debuggerAddress: localhost:63858}, networkConnectionEnabled: false, pageLoadStrategy: normal, platformName: windows, proxy: Proxy(), se:cdp: ws://localhost:63858/devtoo..., se:cdpVersion: 127.0.6533.88, setWindowRect: true, strictFileInteractability: false, timeouts: {implicit: 0, pageLoad: 300000, script: 30000}, unhandledPromptBehavior: dismiss and notify, webauthn:extension:credBlob: true, webauthn:extension:largeBlob: true, webauthn:extension:minPinLength: true, webauthn:extension:prf: true, webauthn:virtualAuthenticators: true}
Element: [[ChromeDriver: chrome on windows (14fce87e4552770d7fced6155aee609e)] -> xpath: /html[1]/body[1]/div[4]/div[1]/section[1]/div[1]/div[1]/div[2]/div[2]/section[1]/div[1]/div[1]/section[2]/div[1]/div[2]/div[1]/div[1]/c-r4c_-a-g_-case-header[1]/div[2]/lightning-card[1]/article[1]/div[2]/slot[1]/div[1]/div[1]/c-r4c_-a-g_-shipping-details[1]/lightning-layout[6]/slot[1]/lightning-layout-item[1]/slot[1]/div[1]/lightning-combobox[1]/div[1]/div[1]/lightning-base-combobox[1]/div[1]/div[1]/div[2]/lightning-base-combobox-item[2]]
Session ID: 14fce87e4552770d7fced6155aee609e
at java.base/jdk.internal.reflect.NativeConstructorAccessorImpl.newInstance0(Native Method)
at java.base/jdk.internal.reflect.NativeConstructorAccessorImpl.newInstance(NativeConstructorAccessorImpl.java:77)
at java.base/jdk.internal.reflect.DelegatingConstructorAccessorImpl.newInstance(DelegatingConstructorAccessorImpl.java:45)
at java.base/java.lang.reflect.Constructor.newInstanceWithCaller(Constructor.java:499)
at java.base/java.lang.reflect.Constructor.newInstance(Constructor.java:480)
at org.openqa.selenium.remote.ErrorCodec.decode(ErrorCodec.java:167)
at org.openqa.selenium.remote.codec.w3c.W3CHttpResponseCodec.decode(W3CHttpResponseCodec.java:138)
at org.openqa.selenium.remote.codec.w3c.W3CHttpResponseCodec.decode(W3CHttpResponseCodec.java:50)
at org.openqa.selenium.remote.HttpCommandExecutor.execute(HttpCommandExecutor.java:190)
at org.openqa.selenium.remote.service.DriverCommandExecutor.invokeExecute(DriverCommandExecutor.java:216)
at org.openqa.selenium.remote.service.DriverCommandExecutor.execute(DriverCommandExecutor.java:174)
at org.openqa.selenium.remote.RemoteWebDriver.execute(RemoteWebDriver.java:518)
at org.openqa.selenium.remote.RemoteWebElement.execute(RemoteWebElement.java:223)
at org.openqa.selenium.remote.RemoteWebElement.click(RemoteWebElement.java:76)
at java.base/jdk.internal.reflect.NativeMethodAccessorImpl.invoke0(Native Method)
at java.base/jdk.internal.reflect.NativeMethodAccessorImpl.invoke(NativeMethodAccessorImpl.java:77)
at java.base/jdk.internal.reflect.DelegatingMethodAccessorImpl.invoke(DelegatingMethodAccessorImpl.java:43)
at java.base/java.lang.reflect.Method.invoke(Method.java:568)
at org.openqa.selenium.support.pagefactory.internal.LocatingElementHandler.invoke(LocatingElementHandler.java:51)
at jdk.proxy2/jdk.proxy2.$Proxy23.click(Unknown Source)
at PageObject.ContactPage_R4C_CaseCreation.selectstockrotation(ContactPage_R4C_CaseCreation.java:109)
at StepDefination.Steps.click_on_the_next_button_after_sold_to(Steps.java:145)
at ✽.Click on the Next button After Sold To(file:///C:/Users/oyadavx/eclipse-workspace/Intel_ISVC_R4C/src/test/java/Features/ContactPage.feature:20)
]]>
            </full-stacktrace>
          </exception> <!-- org.openqa.selenium.ElementNotInteractableException -->
          <reporter-output>
          </reporter-output>
        </test-method> <!-- runScenario -->
        <test-method is-config="true" signature="tearDownClass()[pri:0, instance:TestRunner.TestRunner$CucumberTest@304bb45b]" started-at="2024-08-06T14:58:17 IST" name="tearDownClass" finished-at="2024-08-06T14:58:17 IST" duration-ms="54" status="PASS">
          <reporter-output>
          </reporter-output>
        </test-method> <!-- tearDownClass -->
      </class> <!-- TestRunner.TestRunner$CucumberTest -->
    </test> <!-- Default test -->
  </suite> <!-- Default suite -->
</testng-results>
